<?xml version="1.0" encoding="UTF-8"?>
<!-- Generated by org.testng.reporters.JUnitReportReporter -->
<testsuite hostname="TGSI-CPU-14009" failures="0" tests="1" name="testhomepage.testLogin" time="5.774" errors="0" timestamp="2025-08-20T15:44:30 GMT+08:00" skipped="0">
  <testcase classname="testhomepage.testLogin" name="testSuccessfultLogin" time="5.774"/>
</testsuite> <!-- testhomepage.testLogin -->
