<?xml version="1.0" encoding="UTF-8"?>
<!-- Generated by org.testng.reporters.JUnitReportReporter -->
<testsuite hostname="TGSI-CPU-14009" failures="0" tests="1" name="testhomepage.testBookAppointment" time="6.869" errors="0" timestamp="2025-09-22T08:58:51 GMT+08:00" skipped="0">
  <testcase classname="testhomepage.testBookAppointment" name="bookAppointmentPageTest" time="6.869"/>
</testsuite> <!-- testhomepage.testBookAppointment -->
